<?xml version="1.0" encoding="UTF-8"?>
<coverage generated="1755315090432" clover="3.2.0">
  <project timestamp="1755315090432" name="All files">
    <metrics statements="5" coveredstatements="4" conditionals="2" coveredconditionals="1" methods="2" coveredmethods="2" elements="9" coveredelements="7" complexity="0" loc="5" ncloc="5" packages="1" files="1" classes="1"/>
    <file name="sum.js" path="C:\Users\danil\OneDrive\Documentos\FULLCYCLE\CICD\CI-CD-class\src\sum.js">
      <metrics statements="5" coveredstatements="4" conditionals="2" coveredconditionals="1" methods="2" coveredmethods="2"/>
      <line num="2" count="1" type="stmt"/>
      <line num="6" count="1" type="stmt"/>
      <line num="9" count="1" type="stmt"/>
      <line num="11" count="1" type="cond" truecount="1" falsecount="1"/>
      <line num="12" count="0" type="stmt"/>
    </file>
  </project>
</coverage>
